<?xml version="1.0" encoding="UTF-8"?>
<!-- Generated by org.testng.reporters.JUnitReportReporter -->
<testsuite hostname="SRINIVAS-G2005" failures="0" tests="4" name="api.test.UserTests" time="11.812" errors="0" timestamp="2025-04-18T11:15:48 IST" skipped="0">
  <testcase classname="api.test.UserTests" name="testPostUser" time="4.588"/>
  <testcase classname="api.test.UserTests" name="testGetUserByName" time="2.039"/>
  <testcase classname="api.test.UserTests" name="testUpdateUserByName" time="3.254"/>
  <testcase classname="api.test.UserTests" name="testDeleteUserByName" time="1.931"/>
</testsuite> <!-- api.test.UserTests -->
