<?xml version="1.0" encoding="UTF-8"?>
<!-- Generated by org.testng.reporters.JUnitReportReporter -->
<testsuite hostname="SRINIVAS-G2005" failures="0" tests="4" name="api.test.UserTests2" time="13.308" errors="0" timestamp="2025-04-19T09:47:45 IST" skipped="0">
  <testcase classname="api.test.UserTests2" name="testPostUser" time="1.597"/>
  <testcase classname="api.test.UserTests2" name="testGetUserByName" time="2.010"/>
  <testcase classname="api.test.UserTests2" name="testUpdateUserByName" time="7.213"/>
  <testcase classname="api.test.UserTests2" name="testDeleteUserByName" time="2.488"/>
</testsuite> <!-- api.test.UserTests2 -->
