<?xml version="1.0" encoding="UTF-8"?>
<!-- Generated by org.testng.reporters.JUnitReportReporter -->
<testsuite hostname="SRINIVAS-G2005" failures="0" tests="4" name="api.test.UserTests" time="14.064" errors="0" timestamp="2025-04-19T09:23:00 IST" skipped="0">
  <testcase classname="api.test.UserTests" name="testPostUser" time="5.066"/>
  <testcase classname="api.test.UserTests" name="testGetUserByName" time="1.908"/>
  <testcase classname="api.test.UserTests" name="testUpdateUserByName" time="4.929"/>
  <testcase classname="api.test.UserTests" name="testDeleteUserByName" time="2.161"/>
</testsuite> <!-- api.test.UserTests -->
