<?xml version="1.0" encoding="UTF-8"?>
<!-- Generated by org.testng.reporters.JUnitReportReporter -->
<testsuite hostname="SRINIVAS-G2005" failures="0" tests="6" name="api.test.User_DDTests" time="16.859" errors="0" timestamp="2025-04-18T19:47:28 IST" skipped="0">
  <testcase classname="api.test.User_DDTests" name="testPostUser" time="2.892"/>
  <testcase classname="api.test.User_DDTests" name="testPostUser" time="1.741"/>
  <testcase classname="api.test.User_DDTests" name="testPostUser" time="5.897"/>
  <testcase classname="api.test.User_DDTests" name="testDeleteUserByName" time="2.133"/>
  <testcase classname="api.test.User_DDTests" name="testDeleteUserByName" time="1.842"/>
  <testcase classname="api.test.User_DDTests" name="testDeleteUserByName" time="2.354"/>
</testsuite> <!-- api.test.User_DDTests -->
